# JRE version: Java(TM) SE Runtime Environment (8.0_291-b10) (build 1.8.0_291-b10)
# Java VM: Java HotSpot(TM) 64-Bit Server VM (25.291-b10 mixed mode windows-amd64 compressed oops)
Heap:
 PSYoungGen      total 605696K, used 115954K [0x00000000d6e00000, 0x0000000100000000, 0x0000000100000000)
  eden space 537600K, 19% used [0x00000000d6e00000,0x00000000dd4adfa8,0x00000000f7b00000)
  from space 68096K, 15% used [0x00000000f7b00000,0x00000000f858e9a8,0x00000000fbd80000)
  to   space 66048K, 0% used [0x00000000fbf80000,0x00000000fbf80000,0x0000000100000000)
 ParOldGen       total 122368K, used 86895K [0x0000000084a00000, 0x000000008c180000, 0x00000000d6e00000)
  object space 122368K, 71% used [0x0000000084a00000,0x0000000089edbd08,0x000000008c180000)
 Metaspace       used 28070K, capacity 29462K, committed 29616K, reserved 1075200K
  class space    used 3650K, capacity 3963K, committed 4016K, reserved 1048576K
GC Heap History (10 events):
Event: 4.198 GC heap before
{Heap before GC invocations=13 (full 1):
 PSYoungGen      total 414720K, used 412235K [0x00000000d6e00000, 0x00000000fd500000, 0x0000000100000000)
  eden space 384000K, 100% used [0x00000000d6e00000,0x00000000ee500000,0x00000000ee500000)
  from space 30720K, 91% used [0x00000000ee500000,0x00000000f0092ee8,0x00000000f0300000)
  to   space 34304K, 0% used [0x00000000fb380000,0x00000000fb380000,0x00000000fd500000)
 ParOldGen       total 59904K, used 26556K [0x0000000084a00000, 0x0000000088480000, 0x00000000d6e00000)
  object space 59904K, 44% used [0x0000000084a00000,0x00000000863ef270,0x0000000088480000)
 Metaspace       used 20779K, capacity 21514K, committed 21808K, reserved 1069056K
  class space    used 2691K, capacity 2862K, committed 2864K, reserved 1048576K
Event: 4.217 GC heap after
Heap after GC invocations=13 (full 1):
 PSYoungGen      total 595456K, used 5040K [0x00000000d6e00000, 0x00000000fe200000, 0x0000000100000000)
  eden space 561152K, 0% used [0x00000000d6e00000,0x00000000d6e00000,0x00000000f9200000)
  from space 34304K, 14% used [0x00000000fb380000,0x00000000fb86c010,0x00000000fd500000)
  to   space 34304K, 0% used [0x00000000f9200000,0x00000000f9200000,0x00000000fb380000)
 ParOldGen       total 59904K, used 29632K [0x0000000084a00000, 0x0000000088480000, 0x00000000d6e00000)
  object space 59904K, 49% used [0x0000000084a00000,0x00000000866f02a0,0x0000000088480000)
 Metaspace       used 20779K, capacity 21514K, committed 21808K, reserved 1069056K
  class space    used 2691K, capacity 2862K, committed 2864K, reserved 1048576K
}
Event: 5.324 GC heap before
{Heap before GC invocations=14 (full 1):
 PSYoungGen      total 595456K, used 566192K [0x00000000d6e00000, 0x00000000fe200000, 0x0000000100000000)
  eden space 561152K, 100% used [0x00000000d6e00000,0x00000000f9200000,0x00000000f9200000)
  from space 34304K, 14% used [0x00000000fb380000,0x00000000fb86c010,0x00000000fd500000)
  to   space 34304K, 0% used [0x00000000f9200000,0x00000000f9200000,0x00000000fb380000)
 ParOldGen       total 59904K, used 29632K [0x0000000084a00000, 0x0000000088480000, 0x00000000d6e00000)
  object space 59904K, 49% used [0x0000000084a00000,0x00000000866f02a0,0x0000000088480000)
 Metaspace       used 21368K, capacity 22110K, committed 22448K, reserved 1069056K
  class space    used 2777K, capacity 2932K, committed 2992K, reserved 1048576K
Event: 5.994 GC heap after
Heap after GC invocations=14 (full 1):
 PSYoungGen      total 595456K, used 34295K [0x00000000d6e00000, 0x0000000100000000, 0x0000000100000000)
  eden space 561152K, 0% used [0x00000000d6e00000,0x00000000d6e00000,0x00000000f9200000)
  from space 34304K, 99% used [0x00000000f9200000,0x00000000fb37dfe0,0x00000000fb380000)
  to   space 50688K, 0% used [0x00000000fce80000,0x00000000fce80000,0x0000000100000000)
 ParOldGen       total 59904K, used 59457K [0x0000000084a00000, 0x0000000088480000, 0x00000000d6e00000)
  object space 59904K, 99% used [0x0000000084a00000,0x00000000884105f0,0x0000000088480000)
 Metaspace       used 21368K, capacity 22110K, committed 22448K, reserved 1069056K
  class space    used 2777K, capacity 2932K, committed 2992K, reserved 1048576K
}
Event: 5.994 GC heap before
{Heap before GC invocations=15 (full 2):
 PSYoungGen      total 595456K, used 34295K [0x00000000d6e00000, 0x0000000100000000, 0x0000000100000000)
  eden space 561152K, 0% used [0x00000000d6e00000,0x00000000d6e00000,0x00000000f9200000)
  from space 34304K, 99% used [0x00000000f9200000,0x00000000fb37dfe0,0x00000000fb380000)
  to   space 50688K, 0% used [0x00000000fce80000,0x00000000fce80000,0x0000000100000000)
 ParOldGen       total 59904K, used 59457K [0x0000000084a00000, 0x0000000088480000, 0x00000000d6e00000)
  object space 59904K, 99% used [0x0000000084a00000,0x00000000884105f0,0x0000000088480000)
 Metaspace       used 21368K, capacity 22110K, committed 22448K, reserved 1069056K
  class space    used 2777K, capacity 2932K, committed 2992K, reserved 1048576K
Event: 6.086 GC heap after
Heap after GC invocations=15 (full 2):
 PSYoungGen      total 595456K, used 14811K [0x00000000d6e00000, 0x0000000100000000, 0x0000000100000000)
  eden space 561152K, 0% used [0x00000000d6e00000,0x00000000d6e00000,0x00000000f9200000)
  from space 34304K, 43% used [0x00000000f9200000,0x00000000fa076db0,0x00000000fb380000)
  to   space 50688K, 0% used [0x00000000fce80000,0x00000000fce80000,0x0000000100000000)
 ParOldGen       total 122368K, used 59651K [0x0000000084a00000, 0x000000008c180000, 0x00000000d6e00000)
  object space 122368K, 48% used [0x0000000084a00000,0x0000000088440fb8,0x000000008c180000)
 Metaspace       used 21368K, capacity 22110K, committed 22448K, reserved 1069056K
  class space    used 2777K, capacity 2932K, committed 2992K, reserved 1048576K
}
Event: 8.071 GC heap before
{Heap before GC invocations=16 (full 2):
 PSYoungGen      total 595456K, used 575963K [0x00000000d6e00000, 0x0000000100000000, 0x0000000100000000)
  eden space 561152K, 100% used [0x00000000d6e00000,0x00000000f9200000,0x00000000f9200000)
  from space 34304K, 43% used [0x00000000f9200000,0x00000000fa076db0,0x00000000fb380000)
  to   space 50688K, 0% used [0x00000000fce80000,0x00000000fce80000,0x0000000100000000)
 ParOldGen       total 122368K, used 59651K [0x0000000084a00000, 0x000000008c180000, 0x00000000d6e00000)
  object space 122368K, 48% used [0x0000000084a00000,0x0000000088440fb8,0x000000008c180000)
 Metaspace       used 21382K, capacity 22116K, committed 22448K, reserved 1069056K
  class space    used 2777K, capacity 2933K, committed 2992K, reserved 1048576K
Event: 8.316 GC heap after
Heap after GC invocations=16 (full 2):
 PSYoungGen      total 588288K, used 50669K [0x00000000d6e00000, 0x0000000100000000, 0x0000000100000000)
  eden space 537600K, 0% used [0x00000000d6e00000,0x00000000d6e00000,0x00000000f7b00000)
  from space 50688K, 99% used [0x00000000fce80000,0x00000000ffffb750,0x0000000100000000)
  to   space 68096K, 0% used [0x00000000f7b00000,0x00000000f7b00000,0x00000000fbd80000)
 ParOldGen       total 122368K, used 82895K [0x0000000084a00000, 0x000000008c180000, 0x00000000d6e00000)
  object space 122368K, 67% used [0x0000000084a00000,0x0000000089af3cb8,0x000000008c180000)
 Metaspace       used 21382K, capacity 22116K, committed 22448K, reserved 1069056K
  class space    used 2777K, capacity 2933K, committed 2992K, reserved 1048576K
}
Event: 9.547 GC heap before
{Heap before GC invocations=17 (full 2):
 PSYoungGen      total 588288K, used 588269K [0x00000000d6e00000, 0x0000000100000000, 0x0000000100000000)
  eden space 537600K, 100% used [0x00000000d6e00000,0x00000000f7b00000,0x00000000f7b00000)
  from space 50688K, 99% used [0x00000000fce80000,0x00000000ffffb750,0x0000000100000000)
  to   space 68096K, 0% used [0x00000000f7b00000,0x00000000f7b00000,0x00000000fbd80000)
 ParOldGen       total 122368K, used 82895K [0x0000000084a00000, 0x000000008c180000, 0x00000000d6e00000)
  object space 122368K, 67% used [0x0000000084a00000,0x0000000089af3cb8,0x000000008c180000)
 Metaspace       used 21385K, capacity 22116K, committed 22448K, reserved 1069056K
  class space    used 2777K, capacity 2933K, committed 2992K, reserved 1048576K
Event: 9.650 GC heap after
Heap after GC invocations=17 (full 2):
 PSYoungGen      total 605696K, used 10810K [0x00000000d6e00000, 0x0000000100000000, 0x0000000100000000)
  eden space 537600K, 0% used [0x00000000d6e00000,0x00000000d6e00000,0x00000000f7b00000)
  from space 68096K, 15% used [0x00000000f7b00000,0x00000000f858e9a8,0x00000000fbd80000)
  to   space 66048K, 0% used [0x00000000fbf80000,0x00000000fbf80000,0x0000000100000000)
 ParOldGen       total 122368K, used 86895K [0x0000000084a00000, 0x000000008c180000, 0x00000000d6e00000)
  object space 122368K, 71% used [0x0000000084a00000,0x0000000089edbd08,0x000000008c180000)
 Metaspace       used 21385K, capacity 22116K, committed 22448K, reserved 1069056K
  class space    used 2777K, capacity 2933K, committed 2992K, reserved 1048576K
}

